<?xml version="1.0" encoding="UTF-8"?>
<!-- Generated by org.testng.reporters.JUnitXMLReporter -->
<testsuite ignored="0" hostname="Vus-MacBook-Pro.local" failures="0" tests="17" name="Surefire test" time="260.015" errors="0" timestamp="2026-06-25T15:36:06 ICT">
  <testcase classname="tests.EndToEndTest" name="shouldHandleInvalidLocation" time="2.267"/>
  <testcase classname="tests.EndToEndTest" name="shouldHandleInvalidLocation" time="3.228"/>
  <testcase classname="tests.EndToEndTest" name="shouldHandleInvalidLocation" time="2.109"/>
  <testcase classname="tests.EndToEndTest" name="shouldRecoverFromInvalidSearch" time="6.676"/>
  <testcase classname="tests.EndToEndTest" name="shouldRecoverFromInvalidSearch" time="5.681"/>
  <testcase classname="tests.EndToEndTest" name="shouldRecoverFromInvalidSearch" time="5.743"/>
  <testcase classname="tests.EndToEndTest" name="shouldRecoverFromInvalidSearch" time="6.38"/>
  <testcase classname="tests.EndToEndTest" name="shouldRecoverFromInvalidSearch" time="6.734"/>
  <testcase classname="tests.EndToEndTest" name="shouldRecoverFromInvalidSearch" time="7.401"/>
  <testcase classname="tests.EndToEndTest" name="shouldRecoverFromInvalidSearch" time="6.22"/>
  <testcase classname="tests.EndToEndTest" name="shouldRecoverFromInvalidSearch" time="5.675"/>
  <testcase classname="tests.EndToEndTest" name="shouldRecoverFromInvalidSearch" time="5.66"/>
  <testcase classname="tests.EndToEndTest" name="shouldSearchMultipleLocationsSequentially" time="11.653"/>
  <testcase classname="tests.EndToEndTest" name="shouldSearchValidLocation" time="4.117"/>
  <testcase classname="tests.EndToEndTest" name="shouldSearchValidLocation" time="2.788"/>
  <testcase classname="tests.EndToEndTest" name="shouldSearchValidLocation" time="4.084"/>
  <testcase classname="tests.EndToEndTest" name="shouldShareCorrectSearchResult" time="6.309"/>
</testsuite> <!-- Surefire test -->
