<?xml version="1.0" encoding="UTF-8"?>
<testsuite xmlns:xsi="http://www.w3.org/2001/XMLSchema-instance" xsi:noNamespaceSchemaLocation="https://maven.apache.org/surefire/maven-surefire-plugin/xsd/surefire-test-report.xsd" version="3.0.2" name="TestSuite" time="261.237" tests="17" errors="0" skipped="0" failures="0">
  <properties>
[...]
</properties>
  <testcase name="shouldHandleInvalidLocation[///gg345.g22g.gg](1)" classname="tests.EndToEndTest" time="2.184">
    <system-out><![CDATA[[INFO ] 2026-06-25 15:31:46.798 [main] Log - Start execution: Surefire test
[INFO ] 2026-06-25 15:31:47.050 [main] Log - Video recording started.
[INFO ] 2026-06-25 15:31:47.134 [main] Log - Test execution started: 2026/06/25 15:31:47
[INFO ] 2026-06-25 15:31:47.169 [main] Log - ========== TEST START ==========
[INFO ] 2026-06-25 15:31:54.402 [main] Log - Driver initialized successfully
[INFO ] 2026-06-25 15:31:58.056 [main] Log - shouldHandleInvalidLocation started.
[INFO ] 2026-06-25 15:31:58.165 [main] Log - Searching invalid query: ///gg345.g22g.gg
[INFO ] 2026-06-25 15:32:00.322 [main] Log - Invalid search handled successfully: ///gg345.g22g.gg
]]></system-out>
  </testcase>
  <testcase name="shouldHandleInvalidLocation[///viết chữ.âm nhạc.an nhàn](2)" classname="tests.EndToEndTest" time="3.229">
    <system-out><![CDATA[[INFO ] 2026-06-25 15:32:00.330 [main] Log - shouldHandleInvalidLocation passed.
[INFO ] 2026-06-25 15:32:00.335 [main] Log - Finished test: shouldHandleInvalidLocation
[INFO ] 2026-06-25 15:32:00.339 [main] Log - TEST PASSED: shouldHandleInvalidLocation
[INFO ] 2026-06-25 15:32:00.772 [main] Log - ========== TEST END ==========
[INFO ] 2026-06-25 15:32:00.773 [main] Log - ========== TEST START ==========
[INFO ] 2026-06-25 15:32:07.780 [main] Log - Driver initialized successfully
[INFO ] 2026-06-25 15:32:09.777 [main] Log - shouldHandleInvalidLocation started.
[INFO ] 2026-06-25 15:32:09.783 [main] Log - Searching invalid query: ///viết chữ.âm nhạc.an nhàn
[INFO ] 2026-06-25 15:32:13.005 [main] Log - Invalid search handled successfully: ///viết chữ.âm nhạc.an nhàn
]]></system-out>
  </testcase>
  <testcase name="shouldHandleInvalidLocation[ksaldfbwsdjhfbwef](3)" classname="tests.EndToEndTest" time="2.109">
    <system-out><![CDATA[[INFO ] 2026-06-25 15:32:13.006 [main] Log - shouldHandleInvalidLocation passed.
[INFO ] 2026-06-25 15:32:13.007 [main] Log - Finished test: shouldHandleInvalidLocation
[INFO ] 2026-06-25 15:32:13.007 [main] Log - TEST PASSED: shouldHandleInvalidLocation
[INFO ] 2026-06-25 15:32:13.402 [main] Log - ========== TEST END ==========
[INFO ] 2026-06-25 15:32:13.403 [main] Log - ========== TEST START ==========
[INFO ] 2026-06-25 15:32:19.982 [main] Log - Driver initialized successfully
[INFO ] 2026-06-25 15:32:23.266 [main] Log - shouldHandleInvalidLocation started.
[INFO ] 2026-06-25 15:32:23.273 [main] Log - Searching invalid query: ksaldfbwsdjhfbwef
[INFO ] 2026-06-25 15:32:25.375 [main] Log - Invalid search handled successfully: ksaldfbwsdjhfbwef
]]></system-out>
  </testcase>
  <testcase name="shouldRecoverFromInvalidSearch[///gg345.g22g.gg, ///gg.gg.gg](1)" classname="tests.EndToEndTest" time="6.677">
    <system-out><![CDATA[[INFO ] 2026-06-25 15:32:25.376 [main] Log - shouldHandleInvalidLocation passed.
[INFO ] 2026-06-25 15:32:25.377 [main] Log - Finished test: shouldHandleInvalidLocation
[INFO ] 2026-06-25 15:32:25.377 [main] Log - TEST PASSED: shouldHandleInvalidLocation
[INFO ] 2026-06-25 15:32:26.101 [main] Log - ========== TEST END ==========
[INFO ] 2026-06-25 15:32:26.106 [main] Log - ========== TEST START ==========
[INFO ] 2026-06-25 15:32:32.664 [main] Log - Driver initialized successfully
[INFO ] 2026-06-25 15:32:34.607 [main] Log - shouldRecoverFromInvalidSearch started.
[INFO ] 2026-06-25 15:32:34.613 [main] Log - Recovery flow [///gg345.g22g.gg] -> [///gg.gg.gg]
[INFO ] 2026-06-25 15:32:41.283 [main] Log - Recovery successful [///gg345.g22g.gg] -> [///gg.gg.gg]
]]></system-out>
  </testcase>
  <testcase name="shouldRecoverFromInvalidSearch[///gg345.g22g.gg, ///become.outlooks.rising](2)" classname="tests.EndToEndTest" time="5.681">
    <system-out><![CDATA[[INFO ] 2026-06-25 15:32:41.284 [main] Log - shouldRecoverFromInvalidSearch passed.
[INFO ] 2026-06-25 15:32:41.285 [main] Log - Finished test: shouldRecoverFromInvalidSearch
[INFO ] 2026-06-25 15:32:41.285 [main] Log - TEST PASSED: shouldRecoverFromInvalidSearch
[INFO ] 2026-06-25 15:32:42.025 [main] Log - ========== TEST END ==========
[INFO ] 2026-06-25 15:32:42.026 [main] Log - ========== TEST START ==========
[INFO ] 2026-06-25 15:32:48.552 [main] Log - Driver initialized successfully
[INFO ] 2026-06-25 15:32:51.815 [main] Log - shouldRecoverFromInvalidSearch started.
[INFO ] 2026-06-25 15:32:51.820 [main] Log - Recovery flow [///gg345.g22g.gg] -> [///become.outlooks.rising]
[INFO ] 2026-06-25 15:32:57.496 [main] Log - Recovery successful [///gg345.g22g.gg] -> [///become.outlooks.rising]
]]></system-out>
  </testcase>
  <testcase name="shouldRecoverFromInvalidSearch[///gg345.g22g.gg, Ho Chi Minh City](3)" classname="tests.EndToEndTest" time="5.744">
    <system-out><![CDATA[[INFO ] 2026-06-25 15:32:57.497 [main] Log - shouldRecoverFromInvalidSearch passed.
[INFO ] 2026-06-25 15:32:57.497 [main] Log - Finished test: shouldRecoverFromInvalidSearch
[INFO ] 2026-06-25 15:32:57.497 [main] Log - TEST PASSED: shouldRecoverFromInvalidSearch
[INFO ] 2026-06-25 15:32:57.865 [main] Log - ========== TEST END ==========
[INFO ] 2026-06-25 15:32:57.866 [main] Log - ========== TEST START ==========
[INFO ] 2026-06-25 15:33:04.274 [main] Log - Driver initialized successfully
[INFO ] 2026-06-25 15:33:07.663 [main] Log - shouldRecoverFromInvalidSearch started.
[INFO ] 2026-06-25 15:33:07.667 [main] Log - Recovery flow [///gg345.g22g.gg] -> [Ho Chi Minh City]
[INFO ] 2026-06-25 15:33:13.406 [main] Log - Recovery successful [///gg345.g22g.gg] -> [Ho Chi Minh City]
]]></system-out>
  </testcase>
  <testcase name="shouldRecoverFromInvalidSearch[///viết chữ.âm nhạc.an nhàn, ///gg.gg.gg](4)" classname="tests.EndToEndTest" time="6.38">
    <system-out><![CDATA[[INFO ] 2026-06-25 15:33:13.407 [main] Log - shouldRecoverFromInvalidSearch passed.
[INFO ] 2026-06-25 15:33:13.407 [main] Log - Finished test: shouldRecoverFromInvalidSearch
[INFO ] 2026-06-25 15:33:13.408 [main] Log - TEST PASSED: shouldRecoverFromInvalidSearch
[INFO ] 2026-06-25 15:33:14.063 [main] Log - ========== TEST END ==========
[INFO ] 2026-06-25 15:33:14.065 [main] Log - ========== TEST START ==========
[INFO ] 2026-06-25 15:33:20.421 [main] Log - Driver initialized successfully
[INFO ] 2026-06-25 15:33:22.887 [main] Log - shouldRecoverFromInvalidSearch started.
[INFO ] 2026-06-25 15:33:22.892 [main] Log - Recovery flow [///viết chữ.âm nhạc.an nhàn] -> [///gg.gg.gg]
[INFO ] 2026-06-25 15:33:29.266 [main] Log - Recovery successful [///viết chữ.âm nhạc.an nhàn] -> [///gg.gg.gg]
]]></system-out>
  </testcase>
  <testcase name="shouldRecoverFromInvalidSearch[///viết chữ.âm nhạc.an nhàn, ///become.outlooks.rising](5)" classname="tests.EndToEndTest" time="6.734">
    <system-out><![CDATA[[INFO ] 2026-06-25 15:33:29.267 [main] Log - shouldRecoverFromInvalidSearch passed.
[INFO ] 2026-06-25 15:33:29.268 [main] Log - Finished test: shouldRecoverFromInvalidSearch
[INFO ] 2026-06-25 15:33:29.268 [main] Log - TEST PASSED: shouldRecoverFromInvalidSearch
[INFO ] 2026-06-25 15:33:29.664 [main] Log - ========== TEST END ==========
[INFO ] 2026-06-25 15:33:29.666 [main] Log - ========== TEST START ==========
[INFO ] 2026-06-25 15:33:36.319 [main] Log - Driver initialized successfully
[INFO ] 2026-06-25 15:33:38.381 [main] Log - shouldRecoverFromInvalidSearch started.
[INFO ] 2026-06-25 15:33:38.386 [main] Log - Recovery flow [///viết chữ.âm nhạc.an nhàn] -> [///become.outlooks.rising]
[INFO ] 2026-06-25 15:33:45.114 [main] Log - Recovery successful [///viết chữ.âm nhạc.an nhàn] -> [///become.outlooks.rising]
]]></system-out>
  </testcase>
  <testcase name="shouldRecoverFromInvalidSearch[///viết chữ.âm nhạc.an nhàn, Ho Chi Minh City](6)" classname="tests.EndToEndTest" time="7.402">
    <system-out><![CDATA[[INFO ] 2026-06-25 15:33:45.116 [main] Log - shouldRecoverFromInvalidSearch passed.
[INFO ] 2026-06-25 15:33:45.117 [main] Log - Finished test: shouldRecoverFromInvalidSearch
[INFO ] 2026-06-25 15:33:45.117 [main] Log - TEST PASSED: shouldRecoverFromInvalidSearch
[INFO ] 2026-06-25 15:33:45.463 [main] Log - ========== TEST END ==========
[INFO ] 2026-06-25 15:33:45.464 [main] Log - ========== TEST START ==========
[INFO ] 2026-06-25 15:33:51.767 [main] Log - Driver initialized successfully
[INFO ] 2026-06-25 15:33:53.827 [main] Log - shouldRecoverFromInvalidSearch started.
[INFO ] 2026-06-25 15:33:53.831 [main] Log - Recovery flow [///viết chữ.âm nhạc.an nhàn] -> [Ho Chi Minh City]
[INFO ] 2026-06-25 15:34:01.227 [main] Log - Recovery successful [///viết chữ.âm nhạc.an nhàn] -> [Ho Chi Minh City]
]]></system-out>
  </testcase>
  <testcase name="shouldRecoverFromInvalidSearch[ksaldfbwsdjhfbwef, ///gg.gg.gg](7)" classname="tests.EndToEndTest" time="6.221">
    <system-out><![CDATA[[INFO ] 2026-06-25 15:34:01.229 [main] Log - shouldRecoverFromInvalidSearch passed.
[INFO ] 2026-06-25 15:34:01.230 [main] Log - Finished test: shouldRecoverFromInvalidSearch
[INFO ] 2026-06-25 15:34:01.230 [main] Log - TEST PASSED: shouldRecoverFromInvalidSearch
[INFO ] 2026-06-25 15:34:01.563 [main] Log - ========== TEST END ==========
[INFO ] 2026-06-25 15:34:01.564 [main] Log - ========== TEST START ==========
[INFO ] 2026-06-25 15:34:07.995 [main] Log - Driver initialized successfully
[INFO ] 2026-06-25 15:34:11.384 [main] Log - shouldRecoverFromInvalidSearch started.
[INFO ] 2026-06-25 15:34:11.392 [main] Log - Recovery flow [ksaldfbwsdjhfbwef] -> [///gg.gg.gg]
[INFO ] 2026-06-25 15:34:17.604 [main] Log - Recovery successful [ksaldfbwsdjhfbwef] -> [///gg.gg.gg]
]]></system-out>
  </testcase>
  <testcase name="shouldRecoverFromInvalidSearch[ksaldfbwsdjhfbwef, ///become.outlooks.rising](8)" classname="tests.EndToEndTest" time="5.675">
    <system-out><![CDATA[[INFO ] 2026-06-25 15:34:17.605 [main] Log - shouldRecoverFromInvalidSearch passed.
[INFO ] 2026-06-25 15:34:17.605 [main] Log - Finished test: shouldRecoverFromInvalidSearch
[INFO ] 2026-06-25 15:34:17.605 [main] Log - TEST PASSED: shouldRecoverFromInvalidSearch
[INFO ] 2026-06-25 15:34:18.293 [main] Log - ========== TEST END ==========
[INFO ] 2026-06-25 15:34:18.295 [main] Log - ========== TEST START ==========
[INFO ] 2026-06-25 15:34:24.837 [main] Log - Driver initialized successfully
[INFO ] 2026-06-25 15:34:28.551 [main] Log - shouldRecoverFromInvalidSearch started.
[INFO ] 2026-06-25 15:34:28.556 [main] Log - Recovery flow [ksaldfbwsdjhfbwef] -> [///become.outlooks.rising]
[INFO ] 2026-06-25 15:34:34.226 [main] Log - Recovery successful [ksaldfbwsdjhfbwef] -> [///become.outlooks.rising]
]]></system-out>
  </testcase>
  <testcase name="shouldRecoverFromInvalidSearch[ksaldfbwsdjhfbwef, Ho Chi Minh City](9)" classname="tests.EndToEndTest" time="5.661">
    <system-out><![CDATA[[INFO ] 2026-06-25 15:34:34.227 [main] Log - shouldRecoverFromInvalidSearch passed.
[INFO ] 2026-06-25 15:34:34.228 [main] Log - Finished test: shouldRecoverFromInvalidSearch
[INFO ] 2026-06-25 15:34:34.228 [main] Log - TEST PASSED: shouldRecoverFromInvalidSearch
[INFO ] 2026-06-25 15:34:34.900 [main] Log - ========== TEST END ==========
[INFO ] 2026-06-25 15:34:34.901 [main] Log - ========== TEST START ==========
[INFO ] 2026-06-25 15:34:41.289 [main] Log - Driver initialized successfully
[INFO ] 2026-06-25 15:34:44.504 [main] Log - shouldRecoverFromInvalidSearch started.
[INFO ] 2026-06-25 15:34:44.508 [main] Log - Recovery flow [ksaldfbwsdjhfbwef] -> [Ho Chi Minh City]
[INFO ] 2026-06-25 15:34:50.163 [main] Log - Recovery successful [ksaldfbwsdjhfbwef] -> [Ho Chi Minh City]
]]></system-out>
  </testcase>
  <testcase name="shouldSearchMultipleLocationsSequentially[Ho Chi Minh City, ///become.outlooks.rising, ///gg.gg.gg](1)" classname="tests.EndToEndTest" time="11.653">
    <system-out><![CDATA[[INFO ] 2026-06-25 15:34:50.164 [main] Log - shouldRecoverFromInvalidSearch passed.
[INFO ] 2026-06-25 15:34:50.165 [main] Log - Finished test: shouldRecoverFromInvalidSearch
[INFO ] 2026-06-25 15:34:50.165 [main] Log - TEST PASSED: shouldRecoverFromInvalidSearch
[INFO ] 2026-06-25 15:34:50.838 [main] Log - ========== TEST END ==========
[INFO ] 2026-06-25 15:34:50.840 [main] Log - ========== TEST START ==========
[INFO ] 2026-06-25 15:34:57.544 [main] Log - Driver initialized successfully
[INFO ] 2026-06-25 15:34:59.516 [main] Log - shouldSearchMultipleLocationsSequentially started.
]]></system-out>
  </testcase>
  <testcase name="shouldSearchValidLocation[///gg.gg.gg](1)" classname="tests.EndToEndTest" time="4.117">
    <system-out><![CDATA[[INFO ] 2026-06-25 15:35:11.169 [main] Log - shouldSearchMultipleLocationsSequentially passed.
[INFO ] 2026-06-25 15:35:11.171 [main] Log - Finished test: shouldSearchMultipleLocationsSequentially
[INFO ] 2026-06-25 15:35:11.171 [main] Log - TEST PASSED: shouldSearchMultipleLocationsSequentially
[INFO ] 2026-06-25 15:35:11.591 [main] Log - ========== TEST END ==========
[INFO ] 2026-06-25 15:35:11.593 [main] Log - ========== TEST START ==========
[INFO ] 2026-06-25 15:35:18.019 [main] Log - Driver initialized successfully
[INFO ] 2026-06-25 15:35:20.244 [main] Log - shouldSearchValidLocation started.
[INFO ] 2026-06-25 15:35:20.250 [main] Log - Searching valid query: ///gg.gg.gg
[INFO ] 2026-06-25 15:35:24.361 [main] Log - Search successful: ///gg.gg.gg
]]></system-out>
  </testcase>
  <testcase name="shouldSearchValidLocation[///become.outlooks.rising](2)" classname="tests.EndToEndTest" time="2.788">
    <system-out><![CDATA[[INFO ] 2026-06-25 15:35:24.362 [main] Log - shouldSearchValidLocation passed.
[INFO ] 2026-06-25 15:35:24.362 [main] Log - Finished test: shouldSearchValidLocation
[INFO ] 2026-06-25 15:35:24.363 [main] Log - TEST PASSED: shouldSearchValidLocation
[INFO ] 2026-06-25 15:35:24.794 [main] Log - ========== TEST END ==========
[INFO ] 2026-06-25 15:35:24.795 [main] Log - ========== TEST START ==========
[INFO ] 2026-06-25 15:35:31.138 [main] Log - Driver initialized successfully
[INFO ] 2026-06-25 15:35:34.451 [main] Log - shouldSearchValidLocation started.
[INFO ] 2026-06-25 15:35:34.456 [main] Log - Searching valid query: ///become.outlooks.rising
[INFO ] 2026-06-25 15:35:37.239 [main] Log - Search successful: ///become.outlooks.rising
]]></system-out>
  </testcase>
  <testcase name="shouldSearchValidLocation[Ho Chi Minh City](3)" classname="tests.EndToEndTest" time="4.085">
    <system-out><![CDATA[[INFO ] 2026-06-25 15:35:37.240 [main] Log - shouldSearchValidLocation passed.
[INFO ] 2026-06-25 15:35:37.241 [main] Log - Finished test: shouldSearchValidLocation
[INFO ] 2026-06-25 15:35:37.241 [main] Log - TEST PASSED: shouldSearchValidLocation
[INFO ] 2026-06-25 15:35:37.968 [main] Log - ========== TEST END ==========
[INFO ] 2026-06-25 15:35:37.970 [main] Log - ========== TEST START ==========
[INFO ] 2026-06-25 15:35:44.342 [main] Log - Driver initialized successfully
[INFO ] 2026-06-25 15:35:46.214 [main] Log - shouldSearchValidLocation started.
[INFO ] 2026-06-25 15:35:46.219 [main] Log - Searching valid query: Ho Chi Minh City
[INFO ] 2026-06-25 15:35:50.297 [main] Log - Search successful: Ho Chi Minh City
]]></system-out>
  </testcase>
  <testcase name="shouldShareCorrectSearchResult" classname="tests.EndToEndTest" time="6.309">
    <system-out><![CDATA[[INFO ] 2026-06-25 15:35:50.298 [main] Log - shouldSearchValidLocation passed.
[INFO ] 2026-06-25 15:35:50.299 [main] Log - Finished test: shouldSearchValidLocation
[INFO ] 2026-06-25 15:35:50.299 [main] Log - TEST PASSED: shouldSearchValidLocation
[INFO ] 2026-06-25 15:35:50.691 [main] Log - ========== TEST END ==========
[INFO ] 2026-06-25 15:35:50.692 [main] Log - ========== TEST START ==========
[INFO ] 2026-06-25 15:35:57.210 [main] Log - Driver initialized successfully
[INFO ] 2026-06-25 15:35:59.783 [main] Log - shouldShareCorrectSearchResult started.
]]></system-out>
  </testcase>
</testsuite>