<?xml version="1.0" encoding="UTF-8"?>
<!-- Generated by org.testng.reporters.JUnitReportReporter -->
<testsuite hostname="Vus-MacBook-Pro.local" failures="0" tests="17" name="tests.EndToEndTest" time="259.469" errors="0" timestamp="2026-06-25T15:36:07 ICT" skipped="0">
  <testcase classname="tests.EndToEndTest" name="shouldSearchValidLocation" time="12.867"/>
  <testcase classname="tests.EndToEndTest" name="shouldHandleInvalidLocation" time="10.903"/>
  <testcase classname="tests.EndToEndTest" name="shouldRecoverFromInvalidSearch" time="14.839"/>
  <testcase classname="tests.EndToEndTest" name="shouldRecoverFromInvalidSearch" time="17.310"/>
  <testcase classname="tests.EndToEndTest" name="shouldRecoverFromInvalidSearch" time="15.989"/>
  <testcase classname="tests.EndToEndTest" name="shouldHandleInvalidLocation" time="13.764"/>
  <testcase classname="tests.EndToEndTest" name="shouldHandleInvalidLocation" time="12.652"/>
  <testcase classname="tests.EndToEndTest" name="shouldSearchMultipleLocationsSequentially" time="20.662"/>
  <testcase classname="tests.EndToEndTest" name="shouldRecoverFromInvalidSearch" time="15.474"/>
  <testcase classname="tests.EndToEndTest" name="shouldRecoverFromInvalidSearch" time="16.697"/>
  <testcase classname="tests.EndToEndTest" name="shouldRecoverFromInvalidSearch" time="16.043"/>
  <testcase classname="tests.EndToEndTest" name="shouldRecoverFromInvalidSearch" time="16.837"/>
  <testcase classname="tests.EndToEndTest" name="shouldRecoverFromInvalidSearch" time="15.758"/>
  <testcase classname="tests.EndToEndTest" name="shouldRecoverFromInvalidSearch" time="17.610"/>
  <testcase classname="tests.EndToEndTest" name="shouldSearchValidLocation" time="12.552"/>
  <testcase classname="tests.EndToEndTest" name="shouldShareCorrectSearchResult" time="16.306"/>
  <testcase classname="tests.EndToEndTest" name="shouldSearchValidLocation" time="13.206"/>
</testsuite> <!-- tests.EndToEndTest -->
